<?xml version="1.0" encoding="UTF-8"?>
<!-- Generated by org.testng.reporters.JUnitXMLReporter -->
<testsuite hostname="Kash" ignored="2" name="TestNG Assignment - Test 2" tests="2" failures="0" timestamp="2020-07-01T22:03:16 GMT+03:00" time="0.005" errors="0">
  <testcase name="testAdd" time="0.002" classname="com.calculator.CalculatorTest"/>
  <testcase name="testDivide" time="0.002" classname="com.calculator.CalculatorTest"/>
  <testcase name="testExponent" time="0.0" classname="com.calculator.CalculatorTest">
    <ignored/>
  </testcase> <!-- testExponent -->
  <testcase name="testMultiply" time="0.0" classname="com.calculator.CalculatorTest">
    <ignored/>
  </testcase> <!-- testMultiply -->
</testsuite> <!-- TestNG Assignment - Test 2 -->
