<?xml version="1.0" encoding="UTF-8"?>
<!-- Generated by org.testng.reporters.JUnitXMLReporter -->
<testsuite hostname="Kash" ignored="2" name="TestNG Assignment - Test 1" tests="4" failures="0" timestamp="2020-07-01T22:03:16 GMT+03:00" time="0.076" errors="0">
  <testcase name="testExponent" time="0.011" classname="com.calculator.CalculatorTest"/>
  <testcase name="testMultiply" time="0.011" classname="com.calculator.CalculatorTest"/>
  <testcase name="testExponent" time="0.002" classname="com.calculator.CalculatorTest"/>
  <testcase name="testExponent" time="0.001" classname="com.calculator.CalculatorTest"/>
  <testcase name="testDivide" time="0.0" classname="com.calculator.CalculatorTest">
    <ignored/>
  </testcase> <!-- testDivide -->
  <testcase name="testAdd" time="0.0" classname="com.calculator.CalculatorTest">
    <ignored/>
  </testcase> <!-- testAdd -->
</testsuite> <!-- TestNG Assignment - Test 1 -->
