<?xml version="1.0" encoding="UTF-8"?>
<!-- Generated by org.testng.reporters.JUnitXMLReporter -->
<testsuite hostname="Kash" ignored="4" name="Calc data" tests="1" failures="0" timestamp="2020-07-01T23:22:17 GMT+03:00" time="0.077" errors="0">
  <testcase name="testRealdivide" time="0.015" classname="com.calculator.CalculatorTest"/>
  <testcase name="testDivide" time="0.0" classname="com.calculator.CalculatorTest">
    <ignored/>
  </testcase> <!-- testDivide -->
  <testcase name="testExponent" time="0.0" classname="com.calculator.CalculatorTest">
    <ignored/>
  </testcase> <!-- testExponent -->
  <testcase name="testAdd" time="0.0" classname="com.calculator.CalculatorTest">
    <ignored/>
  </testcase> <!-- testAdd -->
  <testcase name="testMultiply" time="0.0" classname="com.calculator.CalculatorTest">
    <ignored/>
  </testcase> <!-- testMultiply -->
</testsuite> <!-- Calc data -->
